{
  "RSpec": {
    "coverage": {
      "/Users/JordanLawler/turing/3module/projects/soiree/app/helpers/application_helper.rb": [
        1,
        null
      ],
      "/Users/JordanLawler/turing/3module/projects/soiree/app/models/group_playlist.rb": [
        1,
        1,
        1,
        null
      ],
      "/Users/JordanLawler/turing/3module/projects/soiree/app/models/group.rb": [
        1,
        1,
        1,
        1,
        1,
        1,
        null,
        1,
        1,
        0,
        0,
        0,
        null,
        null,
        null,
        1,
        0,
        0,
        0,
        0,
        0,
        0,
        0,
        null,
        null,
        null,
        null
      ],
      "/Users/JordanLawler/turing/3module/projects/soiree/app/models/group_user.rb": [
        1,
        1,
        1,
        null,
        null,
        1,
        null,
        null,
        null
      ],
      "/Users/JordanLawler/turing/3module/projects/soiree/app/models/invite.rb": [
        1,
        1,
        1,
        null
      ],
      "/Users/JordanLawler/turing/3module/projects/soiree/app/models/platform.rb": [
        1,
        1,
        1,
        null
      ],
      "/Users/JordanLawler/turing/3module/projects/soiree/app/models/playlist_song.rb": [
        1,
        1,
        1,
        null
      ],
      "/Users/JordanLawler/turing/3module/projects/soiree/app/models/playlist.rb": [
        1,
        1,
        1,
        1,
        1,
        1,
        1,
        null,
        1,
        2,
        1,
        null,
        1,
        null,
        null,
        null,
        1,
        0,
        null,
        null,
        1,
        null,
        1,
        null,
        null,
        1,
        0,
        0,
        0,
        0,
        null,
        null,
        1,
        0,
        null,
        null,
        1,
        0,
        0,
        0,
        null,
        0,
        null,
        null,
        1,
        1,
        0,
        null,
        null,
        1,
        0,
        0,
        0,
        null,
        0,
        null,
        null,
        1,
        null,
        3,
        1,
        null,
        null,
        1,
        0,
        0,
        null,
        null,
        null,
        null,
        null,
        null,
        0,
        null,
        null,
        null,
        null
      ],
      "/Users/JordanLawler/turing/3module/projects/soiree/app/models/song.rb": [
        1,
        1,
        1,
        null
      ],
      "/Users/JordanLawler/turing/3module/projects/soiree/app/models/token.rb": [
        1,
        1,
        1,
        null
      ],
      "/Users/JordanLawler/turing/3module/projects/soiree/app/models/user.rb": [
        1,
        1,
        1,
        1,
        1,
        1,
        1,
        null,
        1,
        1,
        null,
        null,
        1,
        3,
        null,
        null,
        1,
        2,
        null,
        null,
        1,
        6,
        null,
        null,
        1,
        6,
        null,
        null,
        null
      ],
      "/Users/JordanLawler/turing/3module/projects/soiree/app/controllers/home_controller.rb": [
        1,
        null,
        1,
        null,
        null,
        null,
        null
      ],
      "/Users/JordanLawler/turing/3module/projects/soiree/app/controllers/application_controller.rb": [
        1,
        null,
        null,
        1,
        1,
        null,
        1,
        42,
        null,
        null,
        1,
        5,
        null,
        null,
        1,
        1,
        null,
        null,
        null
      ],
      "/Users/JordanLawler/turing/3module/projects/soiree/app/controllers/sessions_controller.rb": [
        1,
        null,
        1,
        3,
        3,
        3,
        null,
        null,
        1,
        0,
        0,
        null,
        null,
        null
      ],
      "/Users/JordanLawler/turing/3module/projects/soiree/app/services/facebook_service.rb": [
        1,
        null,
        1,
        3,
        3,
        3,
        3,
        3,
        3,
        3,
        3,
        3,
        null,
        null,
        null
      ],
      "/Users/JordanLawler/turing/3module/projects/soiree/app/controllers/dashboard_controller.rb": [
        1,
        null,
        1,
        null,
        null,
        null
      ],
      "/Users/JordanLawler/turing/3module/projects/soiree/app/controllers/spotify_controller.rb": [
        1,
        null,
        1,
        2,
        2,
        2,
        null,
        null,
        null
      ],
      "/Users/JordanLawler/turing/3module/projects/soiree/app/services/spotify_service.rb": [
        1,
        null,
        1,
        1,
        null,
        null,
        1,
        2,
        2,
        0,
        null,
        2,
        2,
        null,
        2,
        null,
        null,
        1,
        0,
        null,
        null,
        1,
        0,
        0,
        0,
        null,
        null,
        null,
        1,
        0,
        0,
        0,
        null,
        null,
        1,
        0,
        0,
        null,
        null,
        1,
        0,
        null,
        null,
        1,
        0,
        null,
        null,
        null
      ],
      "/Users/JordanLawler/turing/3module/projects/soiree/app/controllers/group/playlists_controller.rb": [
        1,
        null,
        1,
        1,
        1,
        null,
        null,
        1,
        1,
        1,
        1,
        1,
        1,
        1,
        0,
        0,
        0,
        0,
        null,
        0,
        null,
        null,
        1,
        0,
        null,
        null,
        1,
        null,
        1,
        0,
        null,
        null,
        null,
        0,
        0,
        null,
        null,
        1,
        1,
        null,
        null,
        null
      ],
      "/Users/JordanLawler/turing/3module/projects/soiree/app/controllers/personal/invites_controller.rb": [
        0,
        0,
        0,
        0,
        0,
        0,
        0,
        0,
        0,
        0,
        0,
        0,
        0,
        0,
        0,
        0,
        0,
        0,
        0,
        0,
        0,
        0,
        0,
        0
      ],
      "/Users/JordanLawler/turing/3module/projects/soiree/app/controllers/personal/playlists_controller.rb": [
        0,
        0,
        0,
        0,
        0,
        0,
        0,
        0,
        0,
        0,
        0,
        0,
        0,
        0,
        0,
        0,
        0,
        0,
        0,
        0,
        0,
        0,
        0,
        0,
        0,
        0,
        0,
        0,
        0,
        0,
        0,
        0,
        0,
        0,
        0,
        0,
        0
      ],
      "/Users/JordanLawler/turing/3module/projects/soiree/app/models/group/spotify_logic.rb": [
        0,
        0,
        0,
        0,
        0,
        0,
        0,
        0,
        0,
        0,
        0
      ],
      "/Users/JordanLawler/turing/3module/projects/soiree/app/models/personal/spotify_logic.rb": [
        0,
        0,
        0,
        0,
        0,
        0,
        0,
        0,
        0,
        0,
        0
      ],
      "/Users/JordanLawler/turing/3module/projects/soiree/app/services/echonest_service.rb": [
        0,
        0,
        0,
        0
      ]
    },
    "timestamp": 1457332177
  }
}
