{
  "RSpec": {
    "coverage": {
      "/Users/JordanLawler/turing/3module/projects/soiree/app/helpers/application_helper.rb": [
        1,
        null
      ],
      "/Users/JordanLawler/turing/3module/projects/soiree/app/services/echonest_service.rb": [
        1,
        null,
        1,
        3,
        15,
        null,
        null,
        null,
        1,
        12,
        2,
        null,
        null,
        null,
        null,
        null,
        2,
        60,
        60,
        null,
        null,
        2,
        null,
        null,
        null
      ],
      "/Users/JordanLawler/turing/3module/projects/soiree/app/models/group_playlist.rb": [
        1,
        1,
        1,
        null
      ],
      "/Users/JordanLawler/turing/3module/projects/soiree/app/models/group.rb": [
        1,
        1,
        1,
        1,
        1,
        1,
        null,
        1,
        1,
        1,
        1,
        1,
        1,
        null,
        1,
        null,
        null,
        1,
        0,
        0,
        0,
        0,
        0,
        0,
        null,
        null,
        null,
        null
      ],
      "/Users/JordanLawler/turing/3module/projects/soiree/app/models/group_user.rb": [
        1,
        1,
        1,
        null,
        null,
        1,
        null,
        null,
        null
      ],
      "/Users/JordanLawler/turing/3module/projects/soiree/app/models/invite.rb": [
        1,
        1,
        1,
        null,
        null,
        1,
        1,
        1,
        1,
        1,
        1,
        null,
        null,
        null,
        null
      ],
      "/Users/JordanLawler/turing/3module/projects/soiree/app/models/platform.rb": [
        1,
        1,
        1,
        null
      ],
      "/Users/JordanLawler/turing/3module/projects/soiree/app/models/playlist_song.rb": [
        1,
        1,
        1,
        null
      ],
      "/Users/JordanLawler/turing/3module/projects/soiree/app/models/playlist.rb": [
        1,
        1,
        1,
        1,
        1,
        1,
        1,
        1,
        1,
        null,
        1,
        3,
        1,
        null,
        2,
        null,
        null,
        null,
        1,
        1,
        null,
        null,
        1,
        null,
        1,
        null,
        null,
        1,
        3,
        3,
        null,
        null,
        1,
        3,
        3,
        3,
        null,
        null,
        1,
        3,
        3,
        null,
        3,
        3,
        null,
        3,
        null,
        null,
        1,
        0,
        0,
        null,
        0,
        null,
        null,
        1,
        0,
        null,
        null,
        1,
        null,
        null,
        null,
        3,
        null,
        null,
        1,
        3,
        3,
        null,
        3,
        3,
        null,
        3,
        null,
        null,
        1,
        3,
        3,
        127,
        null,
        null,
        null,
        null,
        null,
        null,
        58,
        null,
        null,
        null,
        1,
        3,
        3,
        null,
        3,
        3,
        null,
        null,
        null,
        null
      ],
      "/Users/JordanLawler/turing/3module/projects/soiree/app/models/service_playlist.rb": [
        1,
        1,
        null
      ],
      "/Users/JordanLawler/turing/3module/projects/soiree/app/models/song.rb": [
        1,
        1,
        1,
        null,
        1,
        3,
        1,
        1,
        1,
        null,
        null,
        null
      ],
      "/Users/JordanLawler/turing/3module/projects/soiree/app/services/spotify_service.rb": [
        1,
        null,
        1,
        15,
        null,
        null,
        1,
        6,
        6,
        6,
        6,
        180,
        180,
        null,
        6,
        null,
        null,
        1,
        2,
        2,
        0,
        null,
        2,
        2,
        null,
        2,
        null,
        null,
        1,
        0,
        null,
        null,
        1,
        4,
        4,
        4,
        null,
        null,
        1,
        4,
        null,
        null,
        1,
        6,
        null,
        null,
        1,
        4,
        null,
        null,
        null
      ],
      "/Users/JordanLawler/turing/3module/projects/soiree/app/models/token.rb": [
        1,
        1,
        1,
        null
      ],
      "/Users/JordanLawler/turing/3module/projects/soiree/app/models/user.rb": [
        1,
        1,
        1,
        1,
        1,
        1,
        1,
        null,
        1,
        1,
        null,
        null,
        1,
        2,
        null,
        null,
        1,
        2,
        null,
        null,
        1,
        6,
        null,
        null,
        1,
        6,
        null,
        null,
        1,
        14,
        null,
        null,
        1,
        1,
        1,
        1,
        1,
        null,
        null,
        null
      ],
      "/Users/JordanLawler/turing/3module/projects/soiree/app/models/worker.rb": [
        1,
        null,
        1,
        1,
        1,
        null,
        null,
        1,
        1,
        1,
        null,
        null,
        1,
        1,
        1,
        null,
        1,
        null,
        null,
        1,
        1,
        1,
        null,
        1,
        null,
        null,
        1,
        1,
        0,
        null,
        null,
        null,
        1,
        1,
        0,
        0,
        null,
        null,
        null,
        1,
        0,
        0,
        0,
        null,
        null,
        1,
        1,
        1,
        1,
        1,
        1,
        null,
        null,
        null
      ],
      "/Users/JordanLawler/turing/3module/projects/soiree/app/controllers/home_controller.rb": [
        1,
        null,
        1,
        2,
        null,
        null,
        null
      ],
      "/Users/JordanLawler/turing/3module/projects/soiree/app/controllers/application_controller.rb": [
        1,
        null,
        null,
        1,
        1,
        1,
        null,
        1,
        56,
        null,
        null,
        1,
        14,
        null,
        null,
        1,
        14,
        null,
        null,
        1,
        14,
        0,
        null,
        null,
        null,
        1,
        4,
        null,
        null,
        1,
        1,
        null,
        null,
        1,
        1,
        1,
        null,
        0,
        null,
        null,
        null,
        null
      ],
      "/Users/JordanLawler/turing/3module/projects/soiree/app/services/permission_service.rb": [
        1,
        1,
        null,
        1,
        null,
        1,
        null,
        null,
        1,
        14,
        null,
        null,
        1,
        14,
        14,
        null,
        10,
        null,
        4,
        14,
        null,
        null,
        1,
        null,
        1,
        10,
        10,
        6,
        4,
        1,
        0,
        0,
        0,
        0,
        null,
        null,
        1,
        4,
        2,
        null,
        null,
        null
      ],
      "/Users/JordanLawler/turing/3module/projects/soiree/app/controllers/sessions_controller.rb": [
        1,
        null,
        1,
        2,
        2,
        2,
        null,
        null,
        1,
        0,
        0,
        null,
        null,
        null
      ],
      "/Users/JordanLawler/turing/3module/projects/soiree/app/services/facebook_service.rb": [
        1,
        null,
        1,
        2,
        2,
        2,
        2,
        2,
        2,
        2,
        2,
        2,
        null,
        null,
        null
      ],
      "/Users/JordanLawler/turing/3module/projects/soiree/app/controllers/dashboard_controller.rb": [
        1,
        null,
        1,
        null,
        null,
        null
      ],
      "/Users/JordanLawler/turing/3module/projects/soiree/app/controllers/spotify_controller.rb": [
        1,
        null,
        1,
        2,
        2,
        2,
        null,
        null,
        null
      ],
      "/Users/JordanLawler/turing/3module/projects/soiree/app/controllers/personal/playlists_controller.rb": [
        1,
        null,
        1,
        1,
        null,
        null,
        1,
        1,
        1,
        1,
        null,
        1,
        null,
        0,
        null,
        null,
        null,
        1,
        1,
        null,
        null,
        1,
        0,
        0,
        0,
        null,
        0,
        null,
        null,
        1,
        null,
        1,
        1,
        null,
        null,
        null,
        1,
        1,
        null,
        null
      ],
      "/Users/JordanLawler/turing/3module/projects/soiree/app/controllers/group/playlists_controller.rb": [
        1,
        null,
        1,
        1,
        1,
        null,
        null,
        1,
        0,
        0,
        null,
        null,
        1,
        0,
        0,
        0,
        0,
        0,
        0,
        0,
        0,
        null,
        0,
        null,
        0,
        0,
        null,
        null,
        null,
        1,
        0,
        0,
        0,
        0,
        0,
        null,
        null,
        1,
        null,
        1,
        0,
        null,
        null,
        null,
        0,
        0,
        null,
        null,
        1,
        0,
        null,
        null,
        null
      ],
      "/Users/JordanLawler/turing/3module/projects/soiree/app/controllers/api/api_controller.rb": [
        0,
        0,
        0,
        0
      ],
      "/Users/JordanLawler/turing/3module/projects/soiree/app/controllers/api/v1/group/platform_playlists_controller.rb": [
        0,
        0,
        0,
        0,
        0,
        0,
        0,
        0,
        0,
        0,
        0,
        0,
        0,
        0,
        0,
        0,
        0,
        0,
        0,
        0,
        0,
        0,
        0,
        0,
        0
      ],
      "/Users/JordanLawler/turing/3module/projects/soiree/app/controllers/api/v1/personal/platform_playlists_controller.rb": [
        0,
        0,
        0,
        0,
        0,
        0,
        0,
        0,
        0,
        0,
        0,
        0,
        0,
        0,
        0,
        0,
        0,
        0,
        0
      ],
      "/Users/JordanLawler/turing/3module/projects/soiree/app/controllers/group/invites_controller.rb": [
        0,
        0,
        0,
        0,
        0,
        0,
        0,
        0,
        0,
        0,
        0,
        0,
        0,
        0,
        0,
        0,
        0,
        0,
        0,
        0,
        0,
        0,
        0,
        0,
        0,
        0,
        0,
        0,
        0,
        0,
        0,
        0,
        0,
        0
      ]
    },
    "timestamp": 1457594268
  }
}
